<?xml version="1.0" encoding="UTF-8"?>
<testng-results ignored="0" total="2" passed="2" failed="0" skipped="0">
  <reporter-output>
  </reporter-output>
  <suite started-at="2022-02-03T23:16:43 AEDT" name="Suite" finished-at="2022-02-03T23:16:43 AEDT" duration-ms="41">
    <groups>
    </groups>
    <test started-at="2022-02-03T23:16:43 AEDT" name="TestNGTutorial" finished-at="2022-02-03T23:16:43 AEDT" duration-ms="41">
      <class name="test.Class2">
        <test-method signature="Demo()[pri:0, instance:test.Class2@6a370f4]" started-at="2022-02-03T23:16:43 AEDT" name="Demo" finished-at="2022-02-03T23:16:43 AEDT" duration-ms="1" status="PASS">
          <reporter-output>
          </reporter-output>
        </test-method> <!-- Demo -->
      </class> <!-- test.Class2 -->
      <class name="test.Class1">
        <test-method signature="Demo()[pri:0, instance:test.Class1@61d6015a]" started-at="2022-02-03T23:16:43 AEDT" name="Demo" finished-at="2022-02-03T23:16:43 AEDT" duration-ms="5" status="PASS">
          <reporter-output>
          </reporter-output>
        </test-method> <!-- Demo -->
      </class> <!-- test.Class1 -->
    </test> <!-- TestNGTutorial -->
  </suite> <!-- Suite -->
</testng-results>
